Cadence Genus(TM) Synthesis Solution.
Copyright 2022 Cadence Design Systems, Inc. All rights reserved worldwide.
Cadence and the Cadence logo are registered trademarks and Genus is a trademark
of Cadence Design Systems, Inc. in the United States and other countries.

[06:51:44.239521] Configured Lic search path (21.01-s002): 5280@10.3.0.68

Version: 21.14-s082_1, built Thu Jun 23 11:32:08 PDT 2022
Options: 
Date:    Mon Oct 21 06:51:44 2024
Host:    vlsinew17 (x86_64 w/Linux 4.18.0-425.3.1.el8.x86_64) (2cores*4cpus*1physical cpu*Intel(R) Core(TM) i3-7100 CPU @ 3.90GHz 3072KB) (7841688KB)
PID:     25668
OS:      Red Hat Enterprise Linux release 8.7 (Ootpa)


[06:51:44.240617] Periodic Lic check successful
[06:51:44.240633] Feature usage summary:
[06:51:44.240634] Genus_Synthesis
Checking out license: Genus_Synthesis


***********************************************************************************************************
***********************************************************************************************************



Loading tool scripts...
Finished loading tool scripts (10 seconds elapsed).

WARNING: This version of the tool is 850 days old.
